<?xml version="1.0" encoding="UTF-8"?>
<!-- Generated by org.testng.reporters.JUnitReportReporter -->
<testsuite skipped="0" hostname="Lokeshs-Air" name="com.qa.testcases.FlightBookingTest" tests="1" failures="0" timestamp="29 Dec 2018 05:58:28 GMT" time="58.790" errors="0">
  <testcase name="testFlightBooking" time="58.790" classname="com.qa.testcases.FlightBookingTest"/>
</testsuite> <!-- com.qa.testcases.FlightBookingTest -->
